## start record http log!
[2018-06-19 21:22:04.921] [INFO] http - GET / 200 - - 2.510 ms

[2018-06-19 21:22:04.931] [INFO] http - GET /main.201a3697d7a939149b31.css 200 - - 0.514 ms

[2018-06-19 21:22:04.933] [INFO] http - GET /index.js 200 - - 0.459 ms

[2018-06-20 23:21:50.408] [INFO] http - GET / 200 - - 2.877 ms

[2018-06-20 23:21:50.419] [INFO] http - GET /main.278efeeb4de2742e8ef7.css 200 - - 0.308 ms

[2018-06-20 23:21:50.421] [INFO] http - GET /index.js 200 - - 0.295 ms

[2018-06-20 23:21:50.458] [INFO] http - GET / 200 - - 0.174 ms

[2018-06-20 23:21:50.470] [INFO] http - GET /movie.mp4 404 - - 0.565 ms

[2018-06-20 23:21:50.470] [INFO] http - GET /movie.mp4 404 - - 0.707 ms

[2018-06-20 23:21:50.471] [INFO] http - GET /movie.mp4 404 - - 0.391 ms

[2018-06-20 23:21:50.472] [INFO] http - GET /movie.mp4 404 - - 0.503 ms

[2018-06-20 23:21:58.851] [INFO] http - GET / 200 - - 0.131 ms

[2018-06-20 23:21:58.886] [INFO] http - GET /main.278efeeb4de2742e8ef7.css 200 - - 0.329 ms

[2018-06-20 23:21:58.887] [INFO] http - GET /index.js 200 - - 0.194 ms

[2018-06-20 23:21:58.994] [INFO] http - GET / 200 - - 0.208 ms

[2018-06-20 23:21:59.032] [INFO] http - GET /main.278efeeb4de2742e8ef7.css 200 - - 0.374 ms

[2018-06-20 23:21:59.033] [INFO] http - GET /index.js 200 - - 0.261 ms

[2018-06-20 23:21:59.083] [INFO] http - GET / 200 - - 0.161 ms

[2018-06-20 23:21:59.138] [INFO] http - GET /movie.mp4 404 - - 0.197 ms

[2018-06-20 23:21:59.140] [INFO] http - GET /movie.mp4 404 - - 0.216 ms

[2018-06-20 23:21:59.141] [INFO] http - GET /movie.mp4 404 - - 0.171 ms

[2018-06-20 23:21:59.143] [INFO] http - GET /movie.mp4 404 - - 0.177 ms

[2018-06-20 23:21:59.244] [INFO] http - GET /favicon.ico 404 - - 0.208 ms

[2018-06-20 23:23:09.457] [INFO] http - GET / 200 - - 0.202 ms

[2018-06-20 23:23:09.753] [INFO] http - GET /main.278efeeb4de2742e8ef7.css 200 - - 0.199 ms

[2018-06-20 23:23:09.772] [INFO] http - GET /index.js 200 - - 0.251 ms

[2018-06-20 23:23:09.899] [INFO] http - GET / 200 - - 0.235 ms

[2018-06-20 23:24:06.810] [INFO] http - GET / 200 - - 3.072 ms

[2018-06-20 23:24:06.881] [INFO] http - GET /main.db21ee4ee6e2803e9474.css 200 - - 0.451 ms

[2018-06-20 23:24:06.898] [INFO] http - GET /index.js 200 - - 0.330 ms

[2018-06-20 23:24:06.985] [INFO] http - GET / 200 - - 0.205 ms

[2018-06-20 23:25:38.253] [INFO] http - GET / 200 - - 2.567 ms

[2018-06-20 23:25:38.319] [INFO] http - GET /main.c0ed62ab992ed44b05a5.css 200 - - 0.448 ms

[2018-06-20 23:25:38.327] [INFO] http - GET /index.js 200 - - 0.263 ms

[2018-06-20 23:25:38.389] [INFO] http - GET / 200 - - 0.239 ms

[2018-06-20 23:26:49.651] [INFO] http - GET / 200 - - 2.667 ms

[2018-06-20 23:26:49.730] [INFO] http - GET /main.c76d216c361113d08af8.css 200 - - 0.368 ms

[2018-06-20 23:26:49.740] [INFO] http - GET /index.js 200 - - 0.266 ms

[2018-06-20 23:26:49.827] [INFO] http - GET / 200 - - 0.202 ms

[2018-06-20 23:29:08.301] [INFO] http - GET / 200 - - 2.974 ms

[2018-06-20 23:29:08.368] [INFO] http - GET /main.95acac83f1b098168976.css 200 - - 0.374 ms

[2018-06-20 23:29:08.376] [INFO] http - GET /index.js 200 - - 0.226 ms

[2018-06-20 23:29:08.472] [INFO] http - GET / 200 - - 0.191 ms

[2018-06-20 23:29:43.090] [INFO] http - GET / 200 - - 2.819 ms

[2018-06-20 23:29:43.152] [INFO] http - GET /main.4b16938952866a91eb56.css 200 - - 0.377 ms

[2018-06-20 23:29:43.164] [INFO] http - GET /index.js 200 - - 0.235 ms

[2018-06-20 23:29:43.227] [INFO] http - GET / 200 - - 0.205 ms

[2018-06-20 23:29:46.825] [INFO] http - GET /movie.mp4 404 - - 0.271 ms

[2018-06-21 21:01:49.579] [INFO] http - GET / 200 - - 2.883 ms

[2018-06-21 21:01:49.589] [INFO] http - GET /main.d7df286cb76651b29397.css 200 - - 0.324 ms

[2018-06-21 21:01:49.590] [INFO] http - GET /index.js 200 - - 0.430 ms

[2018-06-21 21:01:49.623] [INFO] http - GET / 200 - - 0.301 ms

[2018-06-21 21:01:53.544] [INFO] http - GET / 200 - - 0.145 ms

[2018-06-21 21:01:53.583] [INFO] http - GET /main.d7df286cb76651b29397.css 200 - - 0.208 ms

[2018-06-21 21:01:53.585] [INFO] http - GET /index.js 200 - - 0.157 ms

[2018-06-21 21:01:53.632] [INFO] http - GET / 200 - - 0.239 ms

[2018-06-21 21:01:53.779] [INFO] http - GET /favicon.ico 404 - - 0.216 ms

[2018-06-21 21:01:58.550] [INFO] http - GET / 200 - - 0.279 ms

[2018-06-21 21:01:58.944] [INFO] http - GET /main.d7df286cb76651b29397.css 200 - - 0.200 ms

[2018-06-21 21:01:59.064] [INFO] http - GET /index.js 200 - - 0.192 ms

[2018-06-21 21:01:59.182] [INFO] http - GET / 200 - - 0.196 ms

[2018-06-21 21:04:30.089] [INFO] http - GET / 200 - - 0.151 ms

[2018-06-21 21:04:30.102] [INFO] http - GET /main.d7df286cb76651b29397.css 200 - - 0.311 ms

[2018-06-21 21:04:30.102] [INFO] http - GET /index.js 200 - - 0.255 ms

[2018-06-21 21:04:30.135] [INFO] http - GET / 200 - - 0.214 ms

[2018-06-21 22:29:08.228] [INFO] http - GET /?data=234242 200 - - 3.768 ms

[2018-06-21 22:29:08.239] [INFO] http - GET /main.69f8983152fb9d2f3ba7.css 200 - - 0.328 ms

[2018-06-21 22:29:08.241] [INFO] http - GET /index.js 200 - - 1.021 ms

[2018-06-21 22:29:08.274] [INFO] http - GET /?data=234242 200 - - 0.172 ms

[2018-06-21 22:29:22.308] [INFO] http - GET /?data=234242 200 - - 0.167 ms

[2018-06-21 22:29:22.347] [INFO] http - GET /main.69f8983152fb9d2f3ba7.css 200 - - 0.259 ms

[2018-06-21 22:29:22.349] [INFO] http - GET /index.js 200 - - 0.338 ms

[2018-06-21 22:29:22.399] [INFO] http - GET /?data=234242 200 - - 0.174 ms

[2018-06-21 22:31:51.943] [INFO] http - GET /?data=234242 200 - - 4.867 ms

[2018-06-21 22:31:51.957] [INFO] http - GET /main.5e54c89f63195d1beb94.css 200 - - 0.441 ms

[2018-06-21 22:31:51.988] [INFO] http - GET /index.js 200 - - 0.179 ms

[2018-06-21 22:31:52.188] [INFO] http - GET /?data=234242 200 - - 0.296 ms

[2018-06-21 22:31:52.197] [INFO] http - GET /1 404 - - 0.186 ms

[2018-06-21 22:31:55.267] [INFO] http - GET /?data=234242 200 - - 0.153 ms

[2018-06-21 22:31:55.278] [INFO] http - GET /main.5e54c89f63195d1beb94.css 200 - - 0.485 ms

[2018-06-21 22:31:55.278] [INFO] http - GET /index.js 200 - - 0.240 ms

[2018-06-21 22:31:55.417] [INFO] http - GET /?data=234242 200 - - 0.199 ms

[2018-06-21 22:31:55.428] [INFO] http - GET /1 404 - - 0.135 ms

[2018-06-21 22:31:57.860] [INFO] http - GET /?data=0cc81b91cb445005 200 - - 0.154 ms

[2018-06-21 22:31:57.870] [INFO] http - GET /main.5e54c89f63195d1beb94.css 200 - - 0.347 ms

[2018-06-21 22:31:57.871] [INFO] http - GET /index.js 200 - - 0.240 ms

[2018-06-21 22:31:58.023] [INFO] http - GET /?data=0cc81b91cb445005 200 - - 0.171 ms

[2018-06-21 22:31:58.037] [INFO] http - GET /1 404 - - 0.237 ms

[2018-06-21 22:32:10.586] [INFO] http - GET /?data=0cc81b91cb445005 200 - - 2.937 ms

[2018-06-21 22:32:10.595] [INFO] http - GET /main.690d58feaac538890369.css 200 - - 0.268 ms

[2018-06-21 22:32:10.597] [INFO] http - GET /index.js 200 - - 0.455 ms

[2018-06-21 22:32:10.731] [INFO] http - GET /?data=0cc81b91cb445005 200 - - 0.206 ms

[2018-06-21 22:32:10.742] [INFO] http - GET /1 404 - - 0.219 ms

[2018-06-21 22:32:13.261] [INFO] http - GET /?data=2 200 - - 0.184 ms

[2018-06-21 22:32:13.274] [INFO] http - GET /main.690d58feaac538890369.css 200 - - 0.270 ms

[2018-06-21 22:32:13.275] [INFO] http - GET /index.js 200 - - 0.181 ms

[2018-06-21 22:32:16.268] [INFO] http - GET /?data=0cc81b91cb445005 200 - - 0.197 ms

[2018-06-21 22:32:16.279] [INFO] http - GET /main.690d58feaac538890369.css 200 - - 0.435 ms

[2018-06-21 22:32:16.280] [INFO] http - GET /index.js 200 - - 0.274 ms

[2018-06-21 22:32:16.395] [INFO] http - GET /1 404 - - 0.173 ms

[2018-06-21 22:32:16.418] [INFO] http - GET /?data=0cc81b91cb445005 200 - - 0.239 ms

[2018-06-21 22:32:20.022] [INFO] http - GET /?data=0cc81b91cb445005 200 - - 0.226 ms

[2018-06-21 22:32:21.829] [INFO] http - GET /?data=0cc81b91cb445005 200 - - 0.181 ms

[2018-06-21 22:32:26.817] [INFO] http - GET /?data=0cc81b91cb445005 200 - - 0.300 ms

[2018-06-21 22:32:27.147] [INFO] http - GET /main.690d58feaac538890369.css 200 - - 0.253 ms

[2018-06-21 22:32:27.163] [INFO] http - GET /index.js 200 - - 0.223 ms

[2018-06-21 22:32:27.672] [INFO] http - GET /1 404 - - 0.243 ms

[2018-06-21 22:32:27.771] [INFO] http - GET /?data=0cc81b91cb445005 200 - - 0.233 ms

[2018-06-21 22:32:36.423] [INFO] http - GET /?data=0cc81b91cb445005 200 - - 0.225 ms

[2018-06-21 22:32:38.000] [INFO] http - GET /?data=0cc81b91cb445005 200 - - 0.193 ms

[2018-06-21 22:32:42.890] [INFO] http - GET /?data=0cc81b91cb445005 200 - - 0.174 ms

[2018-06-21 22:32:42.902] [INFO] http - GET /main.690d58feaac538890369.css 200 - - 0.430 ms

[2018-06-21 22:32:42.903] [INFO] http - GET /index.js 200 - - 0.203 ms

[2018-06-21 22:32:43.043] [INFO] http - GET /?data=0cc81b91cb445005 200 - - 0.200 ms

[2018-06-21 22:32:43.054] [INFO] http - GET /1 404 - - 0.164 ms

[2018-06-21 22:32:46.407] [INFO] http - GET /?data=0cc81b91cb445005 200 - - 0.232 ms

[2018-06-21 22:32:52.049] [INFO] http - GET /?data=0cc81b91cb445005 200 - - 0.259 ms

[2018-06-21 22:32:55.307] [INFO] http - GET /?data=0cc81b91cb445005 200 - - 0.173 ms

[2018-06-21 22:33:18.902] [INFO] http - GET /?data=0cc81b91cb445005 200 - - 0.171 ms

[2018-06-21 22:33:19.022] [INFO] http - GET /main.690d58feaac538890369.css 200 - - 0.243 ms

[2018-06-21 22:33:19.031] [INFO] http - GET /index.js 200 - - 0.215 ms

[2018-06-21 22:33:19.371] [INFO] http - GET /?data=0cc81b91cb445005 200 - - 0.253 ms

[2018-06-21 22:33:19.374] [INFO] http - GET /1 404 - - 0.248 ms

[2018-06-21 22:34:40.886] [INFO] http - GET /?data=0cc81b91cb445005 200 - - 0.212 ms

[2018-06-21 22:34:40.928] [INFO] http - GET /main.690d58feaac538890369.css 200 - - 0.257 ms

[2018-06-21 22:34:40.946] [INFO] http - GET /index.js 200 - - 0.226 ms

[2018-06-21 22:34:41.242] [INFO] http - GET /1 404 - - 0.242 ms

[2018-06-21 22:34:41.385] [INFO] http - GET /?data=0cc81b91cb445005 200 - - 0.226 ms

[2018-06-21 22:34:46.267] [INFO] http - GET /?data=0cc81b91cb445005 200 - - 0.223 ms

[2018-06-21 22:34:51.022] [INFO] http - GET /?data=0cc81b91cb445005 200 - - 0.232 ms

[2018-06-21 22:36:34.669] [INFO] http - GET /1 404 - - 0.228 ms

[2018-06-21 22:36:34.732] [INFO] http - GET /?data=0cc81b91cb445005 200 - - 0.237 ms

[2018-06-21 22:36:36.295] [INFO] http - GET /?data=0cc81b91cb445005 200 - - 0.230 ms

[2018-06-21 22:36:37.012] [INFO] http - GET /?data=0cc81b91cb445005 200 - - 0.235 ms

[2018-06-21 22:36:39.258] [INFO] http - GET /?data=0cc81b91cb445005 200 - - 0.230 ms

[2018-06-21 22:36:39.870] [INFO] http - GET /?data=0cc81b91cb445005 200 - - 0.236 ms

[2018-06-21 22:36:45.232] [INFO] http - GET /?data=0cc81b91cb445005 200 - - 0.233 ms

[2018-06-21 22:36:49.507] [INFO] http - GET /?data=0cc81b91cb445005 200 - - 0.224 ms

[2018-06-21 22:37:17.249] [INFO] http - GET /?data=0cc81b91cb445005 200 - - 0.208 ms

[2018-06-21 22:37:17.785] [INFO] http - GET /?data=0cc81b91cb445005 200 - - 0.201 ms

[2018-06-21 22:37:19.436] [INFO] http - GET /?data=0cc81b91cb445005 200 - - 0.200 ms

[2018-06-21 22:37:20.170] [INFO] http - GET /?data=0cc81b91cb445005 200 - - 0.157 ms

[2018-06-21 22:37:23.704] [INFO] http - GET /?data=0cc81b91cb445005 200 - - 0.163 ms

[2018-06-21 22:37:23.754] [INFO] http - GET /main.690d58feaac538890369.css 200 - - 0.592 ms

[2018-06-21 22:37:23.756] [INFO] http - GET /index.js 200 - - 0.492 ms

[2018-06-21 22:37:23.941] [INFO] http - GET /1 404 - - 0.166 ms

[2018-06-21 22:37:23.958] [INFO] http - GET /?data=0cc81b91cb445005 200 - - 0.200 ms

